<?xml version="1.0" encoding="utf-8"?><testsuites><testsuite errors="0" failures="0" hostname="temps-MacBook-Pro.local" name="pytest" skipped="0" tests="1" time="3.424" timestamp="2020-07-13T15:15:15.233417"><testcase classname="tests.test_wrappers.TestHistory" file="tests/test_wrappers.py" line="1246" name="test_history" time="0.666"></testcase></testsuite></testsuites>